0 info it worked if it ends with ok
1 verbose cli [ '/Users/sofrito/.nvm/v0.10.32/bin/node',
1 verbose cli   '/Users/sofrito/.nvm/v0.10.32/bin/npm',
1 verbose cli   'install',
1 verbose cli   'zombiejs' ]
2 info using npm@1.4.28
3 info using node@v0.10.32
4 warn package.json analysis@0.0.1 No repository field.
5 warn package.json hiredis@0.1.15 No repository field.
6 verbose readDependencies using package.json deps
7 verbose cache add [ 'zombiejs', null ]
8 verbose cache add name=undefined spec="zombiejs" args=["zombiejs",null]
9 verbose parsed url { protocol: null,
9 verbose parsed url   slashes: null,
9 verbose parsed url   auth: null,
9 verbose parsed url   host: null,
9 verbose parsed url   port: null,
9 verbose parsed url   hostname: null,
9 verbose parsed url   hash: null,
9 verbose parsed url   search: null,
9 verbose parsed url   query: null,
9 verbose parsed url   pathname: 'zombiejs',
9 verbose parsed url   path: 'zombiejs',
9 verbose parsed url   href: 'zombiejs' }
10 silly lockFile dd2f6a9d-zombiejs zombiejs
11 verbose lock zombiejs /Users/sofrito/.npm/dd2f6a9d-zombiejs.lock
12 silly lockFile dd2f6a9d-zombiejs zombiejs
13 silly lockFile dd2f6a9d-zombiejs zombiejs
14 verbose addNamed [ 'zombiejs', '' ]
15 verbose addNamed [ null, '*' ]
16 silly lockFile dc0733bf-zombiejs zombiejs@
17 verbose lock zombiejs@ /Users/sofrito/.npm/dc0733bf-zombiejs.lock
18 silly addNameRange { name: 'zombiejs', range: '*', hasData: false }
19 verbose request where is /zombiejs
20 verbose request registry https://registry.npmjs.org/
21 verbose request id 3429e61c61f2e1f9
22 verbose url raw /zombiejs
23 verbose url resolving [ 'https://registry.npmjs.org/', './zombiejs' ]
24 verbose url resolved https://registry.npmjs.org/zombiejs
25 verbose request where is https://registry.npmjs.org/zombiejs
26 info trying registry request attempt 1 at 18:06:46
27 http GET https://registry.npmjs.org/zombiejs
28 http 404 https://registry.npmjs.org/zombiejs
29 verbose headers { date: 'Mon, 10 Nov 2014 23:06:46 GMT',
29 verbose headers   server: 'CouchDB/1.5.0 (Erlang OTP/R16B03)',
29 verbose headers   'content-type': 'application/json',
29 verbose headers   'cache-control': 'max-age=0',
29 verbose headers   'content-length': '52',
29 verbose headers   'accept-ranges': 'bytes',
29 verbose headers   via: '1.1 varnish',
29 verbose headers   age: '0',
29 verbose headers   'x-served-by': 'cache-iad2144-IAD',
29 verbose headers   'x-cache': 'MISS',
29 verbose headers   'x-cache-hits': '0',
29 verbose headers   'x-timer': 'S1415660806.704736,VS0,VE13',
29 verbose headers   'keep-alive': 'timeout=10, max=50',
29 verbose headers   connection: 'Keep-Alive' }
30 silly registry.get cb [ 404,
30 silly registry.get   { date: 'Mon, 10 Nov 2014 23:06:46 GMT',
30 silly registry.get     server: 'CouchDB/1.5.0 (Erlang OTP/R16B03)',
30 silly registry.get     'content-type': 'application/json',
30 silly registry.get     'cache-control': 'max-age=0',
30 silly registry.get     'content-length': '52',
30 silly registry.get     'accept-ranges': 'bytes',
30 silly registry.get     via: '1.1 varnish',
30 silly registry.get     age: '0',
30 silly registry.get     'x-served-by': 'cache-iad2144-IAD',
30 silly registry.get     'x-cache': 'MISS',
30 silly registry.get     'x-cache-hits': '0',
30 silly registry.get     'x-timer': 'S1415660806.704736,VS0,VE13',
30 silly registry.get     'keep-alive': 'timeout=10, max=50',
30 silly registry.get     connection: 'Keep-Alive' } ]
31 silly lockFile dc0733bf-zombiejs zombiejs@
32 silly lockFile dc0733bf-zombiejs zombiejs@
33 error 404 404 Not Found: zombiejs
33 error 404
33 error 404 'zombiejs' is not in the npm registry.
33 error 404 You should bug the author to publish it
33 error 404 It was specified as a dependency of 'analysis'
33 error 404
33 error 404 Note that you can also install from a
33 error 404 tarball, folder, or http url, or git url.
34 error System Darwin 13.4.0
35 error command "/Users/sofrito/.nvm/v0.10.32/bin/node" "/Users/sofrito/.nvm/v0.10.32/bin/npm" "install" "zombiejs"
36 error cwd /Users/sofrito/Projects/analysis/workers
37 error node -v v0.10.32
38 error npm -v 1.4.28
39 error code E404
40 verbose exit [ 1, true ]
